[2022-10-14 07:59:24] local.ERROR: Class "app\Models\product" not found {"exception":"[object] (Error(code: 0): Class \"app\\Models\\product\" not found at C:\\xampp\\htdocs\\lumen\\products_api\\app\\Http\\Controllers\\ProductController.php:36)
[stacktrace]
#0 C:\\xampp\\htdocs\\lumen\\products_api\\vendor\\illuminate\\container\\BoundMethod.php(36): App\\Http\\Controllers\\ProductController->store()
#1 C:\\xampp\\htdocs\\lumen\\products_api\\vendor\\illuminate\\container\\Util.php(41): Illuminate\\Container\\BoundMethod::Illuminate\\Container\\{closure}()
#2 C:\\xampp\\htdocs\\lumen\\products_api\\vendor\\illuminate\\container\\BoundMethod.php(93): Illuminate\\Container\\Util::unwrapIfClosure()
#3 C:\\xampp\\htdocs\\lumen\\products_api\\vendor\\illuminate\\container\\BoundMethod.php(37): Illuminate\\Container\\BoundMethod::callBoundMethod()
#4 C:\\xampp\\htdocs\\lumen\\products_api\\vendor\\illuminate\\container\\Container.php(651): Illuminate\\Container\\BoundMethod::call()
#5 C:\\xampp\\htdocs\\lumen\\products_api\\vendor\\laravel\\lumen-framework\\src\\Concerns\\RoutesRequests.php(389): Illuminate\\Container\\Container->call()
#6 C:\\xampp\\htdocs\\lumen\\products_api\\vendor\\laravel\\lumen-framework\\src\\Concerns\\RoutesRequests.php(355): Laravel\\Lumen\\Application->callControllerCallable()
#7 C:\\xampp\\htdocs\\lumen\\products_api\\vendor\\laravel\\lumen-framework\\src\\Concerns\\RoutesRequests.php(329): Laravel\\Lumen\\Application->callLumenController()
#8 C:\\xampp\\htdocs\\lumen\\products_api\\vendor\\laravel\\lumen-framework\\src\\Concerns\\RoutesRequests.php(282): Laravel\\Lumen\\Application->callControllerAction()
#9 C:\\xampp\\htdocs\\lumen\\products_api\\vendor\\laravel\\lumen-framework\\src\\Concerns\\RoutesRequests.php(267): Laravel\\Lumen\\Application->callActionOnArrayBasedRoute()
#10 C:\\xampp\\htdocs\\lumen\\products_api\\vendor\\laravel\\lumen-framework\\src\\Concerns\\RoutesRequests.php(169): Laravel\\Lumen\\Application->handleFoundRoute()
#11 C:\\xampp\\htdocs\\lumen\\products_api\\vendor\\laravel\\lumen-framework\\src\\Routing\\Pipeline.php(48): Laravel\\Lumen\\Application->Laravel\\Lumen\\Concerns\\{closure}()
#12 C:\\xampp\\htdocs\\lumen\\products_api\\app\\Http\\Middleware\\ExampleMiddleware.php(18): Laravel\\Lumen\\Routing\\Pipeline->Laravel\\Lumen\\Routing\\{closure}()
#13 C:\\xampp\\htdocs\\lumen\\products_api\\vendor\\illuminate\\pipeline\\Pipeline.php(180): App\\Http\\Middleware\\ExampleMiddleware->handle()
#14 C:\\xampp\\htdocs\\lumen\\products_api\\vendor\\laravel\\lumen-framework\\src\\Routing\\Pipeline.php(30): Illuminate\\Pipeline\\Pipeline->Illuminate\\Pipeline\\{closure}()
#15 C:\\xampp\\htdocs\\lumen\\products_api\\vendor\\illuminate\\pipeline\\Pipeline.php(116): Laravel\\Lumen\\Routing\\Pipeline->Laravel\\Lumen\\Routing\\{closure}()
#16 C:\\xampp\\htdocs\\lumen\\products_api\\vendor\\laravel\\lumen-framework\\src\\Concerns\\RoutesRequests.php(426): Illuminate\\Pipeline\\Pipeline->then()
#17 C:\\xampp\\htdocs\\lumen\\products_api\\vendor\\laravel\\lumen-framework\\src\\Concerns\\RoutesRequests.php(175): Laravel\\Lumen\\Application->sendThroughPipeline()
#18 C:\\xampp\\htdocs\\lumen\\products_api\\vendor\\laravel\\lumen-framework\\src\\Concerns\\RoutesRequests.php(112): Laravel\\Lumen\\Application->dispatch()
#19 C:\\xampp\\htdocs\\lumen\\products_api\\public\\index.php(28): Laravel\\Lumen\\Application->run()
#20 {main}
"} 
[2022-10-14 08:03:51] local.ERROR: Class "app\Models\product" not found {"exception":"[object] (Error(code: 0): Class \"app\\Models\\product\" not found at C:\\xampp\\htdocs\\lumen\\products_api\\app\\Http\\Controllers\\ProductController.php:36)
[stacktrace]
#0 C:\\xampp\\htdocs\\lumen\\products_api\\vendor\\illuminate\\container\\BoundMethod.php(36): App\\Http\\Controllers\\ProductController->store()
#1 C:\\xampp\\htdocs\\lumen\\products_api\\vendor\\illuminate\\container\\Util.php(41): Illuminate\\Container\\BoundMethod::Illuminate\\Container\\{closure}()
#2 C:\\xampp\\htdocs\\lumen\\products_api\\vendor\\illuminate\\container\\BoundMethod.php(93): Illuminate\\Container\\Util::unwrapIfClosure()
#3 C:\\xampp\\htdocs\\lumen\\products_api\\vendor\\illuminate\\container\\BoundMethod.php(37): Illuminate\\Container\\BoundMethod::callBoundMethod()
#4 C:\\xampp\\htdocs\\lumen\\products_api\\vendor\\illuminate\\container\\Container.php(651): Illuminate\\Container\\BoundMethod::call()
#5 C:\\xampp\\htdocs\\lumen\\products_api\\vendor\\laravel\\lumen-framework\\src\\Concerns\\RoutesRequests.php(389): Illuminate\\Container\\Container->call()
#6 C:\\xampp\\htdocs\\lumen\\products_api\\vendor\\laravel\\lumen-framework\\src\\Concerns\\RoutesRequests.php(355): Laravel\\Lumen\\Application->callControllerCallable()
#7 C:\\xampp\\htdocs\\lumen\\products_api\\vendor\\laravel\\lumen-framework\\src\\Concerns\\RoutesRequests.php(329): Laravel\\Lumen\\Application->callLumenController()
#8 C:\\xampp\\htdocs\\lumen\\products_api\\vendor\\laravel\\lumen-framework\\src\\Concerns\\RoutesRequests.php(282): Laravel\\Lumen\\Application->callControllerAction()
#9 C:\\xampp\\htdocs\\lumen\\products_api\\vendor\\laravel\\lumen-framework\\src\\Concerns\\RoutesRequests.php(267): Laravel\\Lumen\\Application->callActionOnArrayBasedRoute()
#10 C:\\xampp\\htdocs\\lumen\\products_api\\vendor\\laravel\\lumen-framework\\src\\Concerns\\RoutesRequests.php(169): Laravel\\Lumen\\Application->handleFoundRoute()
#11 C:\\xampp\\htdocs\\lumen\\products_api\\vendor\\laravel\\lumen-framework\\src\\Routing\\Pipeline.php(48): Laravel\\Lumen\\Application->Laravel\\Lumen\\Concerns\\{closure}()
#12 C:\\xampp\\htdocs\\lumen\\products_api\\app\\Http\\Middleware\\ExampleMiddleware.php(18): Laravel\\Lumen\\Routing\\Pipeline->Laravel\\Lumen\\Routing\\{closure}()
#13 C:\\xampp\\htdocs\\lumen\\products_api\\vendor\\illuminate\\pipeline\\Pipeline.php(180): App\\Http\\Middleware\\ExampleMiddleware->handle()
#14 C:\\xampp\\htdocs\\lumen\\products_api\\vendor\\laravel\\lumen-framework\\src\\Routing\\Pipeline.php(30): Illuminate\\Pipeline\\Pipeline->Illuminate\\Pipeline\\{closure}()
#15 C:\\xampp\\htdocs\\lumen\\products_api\\vendor\\illuminate\\pipeline\\Pipeline.php(116): Laravel\\Lumen\\Routing\\Pipeline->Laravel\\Lumen\\Routing\\{closure}()
#16 C:\\xampp\\htdocs\\lumen\\products_api\\vendor\\laravel\\lumen-framework\\src\\Concerns\\RoutesRequests.php(426): Illuminate\\Pipeline\\Pipeline->then()
#17 C:\\xampp\\htdocs\\lumen\\products_api\\vendor\\laravel\\lumen-framework\\src\\Concerns\\RoutesRequests.php(175): Laravel\\Lumen\\Application->sendThroughPipeline()
#18 C:\\xampp\\htdocs\\lumen\\products_api\\vendor\\laravel\\lumen-framework\\src\\Concerns\\RoutesRequests.php(112): Laravel\\Lumen\\Application->dispatch()
#19 C:\\xampp\\htdocs\\lumen\\products_api\\public\\index.php(28): Laravel\\Lumen\\Application->run()
#20 {main}
"} 
[2022-10-14 08:13:50] local.ERROR: Method Illuminate\Database\Eloquent\Collection::delete does not exist. {"exception":"[object] (BadMethodCallException(code: 0): Method Illuminate\\Database\\Eloquent\\Collection::delete does not exist. at C:\\xampp\\htdocs\\lumen\\products_api\\vendor\\illuminate\\macroable\\Traits\\Macroable.php:113)
[stacktrace]
#0 C:\\xampp\\htdocs\\lumen\\products_api\\app\\Http\\Controllers\\ProductController.php(111): Illuminate\\Support\\Collection->__call()
#1 C:\\xampp\\htdocs\\lumen\\products_api\\vendor\\illuminate\\container\\BoundMethod.php(36): App\\Http\\Controllers\\ProductController->destroy()
#2 C:\\xampp\\htdocs\\lumen\\products_api\\vendor\\illuminate\\container\\Util.php(41): Illuminate\\Container\\BoundMethod::Illuminate\\Container\\{closure}()
#3 C:\\xampp\\htdocs\\lumen\\products_api\\vendor\\illuminate\\container\\BoundMethod.php(93): Illuminate\\Container\\Util::unwrapIfClosure()
#4 C:\\xampp\\htdocs\\lumen\\products_api\\vendor\\illuminate\\container\\BoundMethod.php(37): Illuminate\\Container\\BoundMethod::callBoundMethod()
#5 C:\\xampp\\htdocs\\lumen\\products_api\\vendor\\illuminate\\container\\Container.php(651): Illuminate\\Container\\BoundMethod::call()
#6 C:\\xampp\\htdocs\\lumen\\products_api\\vendor\\laravel\\lumen-framework\\src\\Concerns\\RoutesRequests.php(389): Illuminate\\Container\\Container->call()
#7 C:\\xampp\\htdocs\\lumen\\products_api\\vendor\\laravel\\lumen-framework\\src\\Concerns\\RoutesRequests.php(355): Laravel\\Lumen\\Application->callControllerCallable()
#8 C:\\xampp\\htdocs\\lumen\\products_api\\vendor\\laravel\\lumen-framework\\src\\Concerns\\RoutesRequests.php(329): Laravel\\Lumen\\Application->callLumenController()
#9 C:\\xampp\\htdocs\\lumen\\products_api\\vendor\\laravel\\lumen-framework\\src\\Concerns\\RoutesRequests.php(282): Laravel\\Lumen\\Application->callControllerAction()
#10 C:\\xampp\\htdocs\\lumen\\products_api\\vendor\\laravel\\lumen-framework\\src\\Concerns\\RoutesRequests.php(267): Laravel\\Lumen\\Application->callActionOnArrayBasedRoute()
#11 C:\\xampp\\htdocs\\lumen\\products_api\\vendor\\laravel\\lumen-framework\\src\\Concerns\\RoutesRequests.php(237): Laravel\\Lumen\\Application->handleFoundRoute()
#12 C:\\xampp\\htdocs\\lumen\\products_api\\vendor\\laravel\\lumen-framework\\src\\Concerns\\RoutesRequests.php(173): Laravel\\Lumen\\Application->handleDispatcherResponse()
#13 C:\\xampp\\htdocs\\lumen\\products_api\\vendor\\laravel\\lumen-framework\\src\\Routing\\Pipeline.php(48): Laravel\\Lumen\\Application->Laravel\\Lumen\\Concerns\\{closure}()
#14 C:\\xampp\\htdocs\\lumen\\products_api\\app\\Http\\Middleware\\ExampleMiddleware.php(18): Laravel\\Lumen\\Routing\\Pipeline->Laravel\\Lumen\\Routing\\{closure}()
#15 C:\\xampp\\htdocs\\lumen\\products_api\\vendor\\illuminate\\pipeline\\Pipeline.php(180): App\\Http\\Middleware\\ExampleMiddleware->handle()
#16 C:\\xampp\\htdocs\\lumen\\products_api\\vendor\\laravel\\lumen-framework\\src\\Routing\\Pipeline.php(30): Illuminate\\Pipeline\\Pipeline->Illuminate\\Pipeline\\{closure}()
#17 C:\\xampp\\htdocs\\lumen\\products_api\\vendor\\illuminate\\pipeline\\Pipeline.php(116): Laravel\\Lumen\\Routing\\Pipeline->Laravel\\Lumen\\Routing\\{closure}()
#18 C:\\xampp\\htdocs\\lumen\\products_api\\vendor\\laravel\\lumen-framework\\src\\Concerns\\RoutesRequests.php(426): Illuminate\\Pipeline\\Pipeline->then()
#19 C:\\xampp\\htdocs\\lumen\\products_api\\vendor\\laravel\\lumen-framework\\src\\Concerns\\RoutesRequests.php(175): Laravel\\Lumen\\Application->sendThroughPipeline()
#20 C:\\xampp\\htdocs\\lumen\\products_api\\vendor\\laravel\\lumen-framework\\src\\Concerns\\RoutesRequests.php(112): Laravel\\Lumen\\Application->dispatch()
#21 C:\\xampp\\htdocs\\lumen\\products_api\\public\\index.php(28): Laravel\\Lumen\\Application->run()
#22 {main}
"} 
